<?xml version="1.0" encoding="UTF-8"?>
<testsuite name="com.hexacoder.stackoverflow.StackoverflowApplicationTests" tests="1" skipped="0" failures="0" errors="0" timestamp="2023-08-22T07:54:37" hostname="yeomdonghoon-ui-MacBookAir.local" time="0.067">
  <properties/>
  <testcase name="contextLoads()" classname="com.hexacoder.stackoverflow.StackoverflowApplicationTests" time="0.067"/>
  <system-out><![CDATA[16:54:35.324 [Test worker] DEBUG org.springframework.test.context.BootstrapUtils - Instantiating CacheAwareContextLoaderDelegate from class [org.springframework.test.context.cache.DefaultCacheAwareContextLoaderDelegate]
16:54:35.329 [Test worker] DEBUG org.springframework.test.context.BootstrapUtils - Instantiating BootstrapContext using constructor [public org.springframework.test.context.support.DefaultBootstrapContext(java.lang.Class,org.springframework.test.context.CacheAwareContextLoaderDelegate)]
16:54:35.342 [Test worker] DEBUG org.springframework.test.context.BootstrapUtils - Instantiating TestContextBootstrapper for test class [com.hexacoder.stackoverflow.StackoverflowApplicationTests] from class [org.springframework.boot.test.context.SpringBootTestContextBootstrapper]
16:54:35.346 [Test worker] INFO org.springframework.boot.test.context.SpringBootTestContextBootstrapper - Neither @ContextConfiguration nor @ContextHierarchy found for test class [com.hexacoder.stackoverflow.StackoverflowApplicationTests], using SpringBootContextLoader
16:54:35.348 [Test worker] DEBUG org.springframework.test.context.support.AbstractContextLoader - Did not detect default resource location for test class [com.hexacoder.stackoverflow.StackoverflowApplicationTests]: class path resource [com/hexacoder/stackoverflow/StackoverflowApplicationTests-context.xml] does not exist
16:54:35.348 [Test worker] DEBUG org.springframework.test.context.support.AbstractContextLoader - Did not detect default resource location for test class [com.hexacoder.stackoverflow.StackoverflowApplicationTests]: class path resource [com/hexacoder/stackoverflow/StackoverflowApplicationTestsContext.groovy] does not exist
16:54:35.348 [Test worker] INFO org.springframework.test.context.support.AbstractContextLoader - Could not detect default resource locations for test class [com.hexacoder.stackoverflow.StackoverflowApplicationTests]: no resource found for suffixes {-context.xml, Context.groovy}.
16:54:35.348 [Test worker] INFO org.springframework.test.context.support.AnnotationConfigContextLoaderUtils - Could not detect default configuration classes for test class [com.hexacoder.stackoverflow.StackoverflowApplicationTests]: StackoverflowApplicationTests does not declare any static, non-private, non-final, nested classes annotated with @Configuration.
16:54:35.363 [Test worker] DEBUG org.springframework.test.context.support.ActiveProfilesUtils - Could not find an 'annotation declaring class' for annotation type [org.springframework.test.context.ActiveProfiles] and class [com.hexacoder.stackoverflow.StackoverflowApplicationTests]
16:54:35.388 [Test worker] DEBUG org.springframework.context.annotation.ClassPathScanningCandidateComponentProvider - Identified candidate component class: file [/Users/yeomdonghoon/Desktop/java1/seb45_pre_010/server/build/classes/java/main/com/hexacoder/stackoverflow/StackoverflowApplication.class]
16:54:35.389 [Test worker] INFO org.springframework.boot.test.context.SpringBootTestContextBootstrapper - Found @SpringBootConfiguration com.hexacoder.stackoverflow.StackoverflowApplication for test class com.hexacoder.stackoverflow.StackoverflowApplicationTests
16:54:35.422 [Test worker] DEBUG org.springframework.boot.test.context.SpringBootTestContextBootstrapper - @TestExecutionListeners is not present for class [com.hexacoder.stackoverflow.StackoverflowApplicationTests]: using defaults.
16:54:35.422 [Test worker] INFO org.springframework.boot.test.context.SpringBootTestContextBootstrapper - Loaded default TestExecutionListener class names from location [META-INF/spring.factories]: [org.springframework.boot.test.autoconfigure.restdocs.RestDocsTestExecutionListener, org.springframework.boot.test.autoconfigure.web.client.MockRestServiceServerResetTestExecutionListener, org.springframework.boot.test.autoconfigure.web.servlet.MockMvcPrintOnlyOnFailureTestExecutionListener, org.springframework.boot.test.autoconfigure.web.servlet.WebDriverTestExecutionListener, org.springframework.boot.test.autoconfigure.webservices.client.MockWebServiceServerTestExecutionListener, org.springframework.boot.test.mock.mockito.MockitoTestExecutionListener, org.springframework.boot.test.mock.mockito.ResetMocksTestExecutionListener, org.springframework.test.context.web.ServletTestExecutionListener, org.springframework.test.context.support.DirtiesContextBeforeModesTestExecutionListener, org.springframework.test.context.event.ApplicationEventsTestExecutionListener, org.springframework.test.context.support.DependencyInjectionTestExecutionListener, org.springframework.test.context.support.DirtiesContextTestExecutionListener, org.springframework.test.context.transaction.TransactionalTestExecutionListener, org.springframework.test.context.jdbc.SqlScriptsTestExecutionListener, org.springframework.test.context.event.EventPublishingTestExecutionListener]
16:54:35.429 [Test worker] INFO org.springframework.boot.test.context.SpringBootTestContextBootstrapper - Using TestExecutionListeners: [org.springframework.test.context.web.ServletTestExecutionListener@47db5fa5, org.springframework.test.context.support.DirtiesContextBeforeModesTestExecutionListener@354fc8f0, org.springframework.test.context.event.ApplicationEventsTestExecutionListener@41813449, org.springframework.boot.test.mock.mockito.MockitoTestExecutionListener@4678a2eb, org.springframework.boot.test.autoconfigure.SpringBootDependencyInjectionTestExecutionListener@5b43fbf6, org.springframework.test.context.support.DirtiesContextTestExecutionListener@1080b026, org.springframework.test.context.transaction.TransactionalTestExecutionListener@58ebfd03, org.springframework.test.context.jdbc.SqlScriptsTestExecutionListener@5b07730f, org.springframework.test.context.event.EventPublishingTestExecutionListener@1fdfafd2, org.springframework.boot.test.autoconfigure.restdocs.RestDocsTestExecutionListener@a4b2d8f, org.springframework.boot.test.autoconfigure.web.client.MockRestServiceServerResetTestExecutionListener@dcfda20, org.springframework.boot.test.autoconfigure.web.servlet.MockMvcPrintOnlyOnFailureTestExecutionListener@6d304f9d, org.springframework.boot.test.autoconfigure.web.servlet.WebDriverTestExecutionListener@f73dcd6, org.springframework.boot.test.autoconfigure.webservices.client.MockWebServiceServerTestExecutionListener@5c87bfe2, org.springframework.boot.test.mock.mockito.ResetMocksTestExecutionListener@2fea7088]
16:54:35.431 [Test worker] DEBUG org.springframework.test.context.support.AbstractDirtiesContextTestExecutionListener - Before test class: context [DefaultTestContext@666b83a4 testClass = StackoverflowApplicationTests, testInstance = [null], testMethod = [null], testException = [null], mergedContextConfiguration = [WebMergedContextConfiguration@749c877b testClass = StackoverflowApplicationTests, locations = '{}', classes = '{class com.hexacoder.stackoverflow.StackoverflowApplication}', contextInitializerClasses = '[]', activeProfiles = '{}', propertySourceLocations = '{}', propertySourceProperties = '{org.springframework.boot.test.context.SpringBootTestContextBootstrapper=true}', contextCustomizers = set[org.springframework.boot.test.autoconfigure.actuate.metrics.MetricsExportContextCustomizerFactory$DisableMetricExportContextCustomizer@f107c50, org.springframework.boot.test.autoconfigure.properties.PropertyMappingContextCustomizer@0, org.springframework.boot.test.autoconfigure.web.servlet.WebDriverContextCustomizerFactory$Customizer@5ddcc487, org.springframework.boot.test.context.filter.ExcludeFilterContextCustomizer@4671115f, org.springframework.boot.test.json.DuplicateJsonObjectContextCustomizerFactory$DuplicateJsonObjectContextCustomizer@36060e, org.springframework.boot.test.mock.mockito.MockitoContextCustomizer@0, org.springframework.boot.test.web.client.TestRestTemplateContextCustomizer@6239aba6, org.springframework.boot.test.context.SpringBootTestArgs@1, org.springframework.boot.test.context.SpringBootTestWebEnvironment@1e178745], resourceBasePath = 'src/main/webapp', contextLoader = 'org.springframework.boot.test.context.SpringBootContextLoader', parent = [null]], attributes = map['org.springframework.test.context.web.ServletTestExecutionListener.activateListener' -> true]], class annotated with @DirtiesContext [false] with mode [null].

  .   ____          _            __ _ _
 /\\ / ___'_ __ _ _(_)_ __  __ _ \ \ \ \
( ( )\___ | '_ | '_| | '_ \/ _` | \ \ \ \
 \\/  ___)| |_)| | | | | || (_| |  ) ) ) )
  '  |____| .__|_| |_|_| |_\__, | / / / /
 =========|_|==============|___/=/_/_/_/
 :: Spring Boot ::      (v2.7.15-SNAPSHOT)

2023-08-22 16:54:35.545  INFO 22726 --- [    Test worker] c.h.s.StackoverflowApplicationTests      : Starting StackoverflowApplicationTests using Java 19.0.2 on yeomdonghoon-ui-MacBookAir.local with PID 22726 (started by yeomdonghoon in /Users/yeomdonghoon/Desktop/java1/seb45_pre_010/server)
2023-08-22 16:54:35.545  INFO 22726 --- [    Test worker] c.h.s.StackoverflowApplicationTests      : No active profile set, falling back to 1 default profile: "default"
2023-08-22 16:54:35.796  INFO 22726 --- [    Test worker] .s.d.r.c.RepositoryConfigurationDelegate : Bootstrapping Spring Data JPA repositories in DEFAULT mode.
2023-08-22 16:54:35.824  INFO 22726 --- [    Test worker] .s.d.r.c.RepositoryConfigurationDelegate : Finished Spring Data repository scanning in 25 ms. Found 5 JPA repository interfaces.
2023-08-22 16:54:36.024  INFO 22726 --- [    Test worker] com.zaxxer.hikari.HikariDataSource       : HikariPool-1 - Starting...
2023-08-22 16:54:36.103  INFO 22726 --- [    Test worker] com.zaxxer.hikari.HikariDataSource       : HikariPool-1 - Start completed.
2023-08-22 16:54:36.134  INFO 22726 --- [    Test worker] o.hibernate.jpa.internal.util.LogHelper  : HHH000204: Processing PersistenceUnitInfo [name: default]
2023-08-22 16:54:36.158  INFO 22726 --- [    Test worker] org.hibernate.Version                    : HHH000412: Hibernate ORM core version 5.6.15.Final
2023-08-22 16:54:36.218  INFO 22726 --- [    Test worker] o.hibernate.annotations.common.Version   : HCANN000001: Hibernate Commons Annotations {5.1.2.Final}
2023-08-22 16:54:36.262  INFO 22726 --- [    Test worker] org.hibernate.dialect.Dialect            : HHH000400: Using dialect: org.hibernate.dialect.H2Dialect
2023-08-22 16:54:36.572  INFO 22726 --- [    Test worker] o.h.e.t.j.p.i.JtaPlatformInitiator       : HHH000490: Using JtaPlatform implementation: [org.hibernate.engine.transaction.jta.platform.internal.NoJtaPlatform]
2023-08-22 16:54:36.575  INFO 22726 --- [    Test worker] j.LocalContainerEntityManagerFactoryBean : Initialized JPA EntityManagerFactory for persistence unit 'default'
2023-08-22 16:54:36.936  WARN 22726 --- [    Test worker] JpaBaseConfiguration$JpaWebConfiguration : spring.jpa.open-in-view is enabled by default. Therefore, database queries may be performed during view rendering. Explicitly configure spring.jpa.open-in-view to disable this warning
2023-08-22 16:54:37.040  INFO 22726 --- [    Test worker] o.s.b.a.h2.H2ConsoleAutoConfiguration    : H2 console available at '/h2'. Database available at 'jdbc:h2:mem:testdb'
2023-08-22 16:54:37.165  INFO 22726 --- [    Test worker] c.h.s.StackoverflowApplicationTests      : Started StackoverflowApplicationTests in 1.721 seconds (JVM running for 2.225)
]]></system-out>
  <system-err><![CDATA[]]></system-err>
</testsuite>
